<?xml version="1.0" encoding="UTF-8"?>
<!-- Generated by org.testng.reporters.JUnitXMLReporter -->
<testsuite ignored="0" hostname="SENTHILKUMAR" failures="1" tests="1" name="Test" time="17.89" errors="0" timestamp="2023-05-06T12:33:04 IST">
  <testcase classname="com.runnerr.Test_Runner" name="checkTheWebelement" time="17.841">
    <failure type="java.lang.NullPointerException">
      <![CDATA[java.lang.NullPointerException
at org.openqa.selenium.support.pagefactory.DefaultElementLocator.findElement(DefaultElementLocator.java:69)
at org.openqa.selenium.support.pagefactory.internal.LocatingElementHandler.invoke(LocatingElementHandler.java:38)
at com.sun.proxy.$Proxy10.click(Unknown Source)
at com.baseclass.Base_class.clickOnElement(Base_class.java:77)
at com.runnerr.Test_Runner.checkTheWebelement(Test_Runner.java:28)
at java.base/java.util.ArrayList.forEach(ArrayList.java:1541)
... Removed 27 stack frames]]>
    </failure>
  </testcase> <!-- checkTheWebelement -->
</testsuite> <!-- Test -->
